2026-07-02 00:47:21 [info]: ☁️ Cloudinary configured successfully.
2026-07-02 00:47:50 [info]: 📄 Loaded ENV: C:\Users\hp\Documents\My  Projects\ifywigatechz-site\server\.env
2026-07-02 00:47:50 [info]: 🗄️ MongoDB URI: Configured
2026-07-02 00:47:55 [info]: MongoDB Connected: ac-y9ghqrb-shard-00-02.hnuyqsq.mongodb.net
2026-07-02 00:47:55 [info]: 🚀 Server running on port 5000
2026-07-02 00:47:55 [info]: 🌍 Mode: development
2026-07-02 00:55:13 [info]: ☁️ Cloudinary configured successfully.
2026-07-02 00:55:14 [info]: 📄 Loaded ENV: C:\Users\hp\Documents\My  Projects\ifywigatechz-site\server\.env
2026-07-02 00:55:14 [info]: 🗄️ MongoDB URI: Configured
2026-07-02 00:56:17 [info]: ☁️ Cloudinary configured successfully.
2026-07-02 00:56:18 [info]: 📄 Loaded ENV: C:\Users\hp\Documents\My  Projects\ifywigatechz-site\server\.env
2026-07-02 00:56:18 [info]: 🗄️ MongoDB URI: Configured
2026-07-02 00:56:22 [info]: MongoDB Connected: ac-y9ghqrb-shard-00-00.hnuyqsq.mongodb.net
2026-07-02 00:56:22 [info]: 🚀 Server running on port 5000
2026-07-02 00:56:22 [info]: 🌍 Mode: development
2026-07-02 01:09:00 [info]: 🛑 Received kill signal, shutting down gracefully...
2026-07-02 01:09:00 [info]: ✅ HTTP server closed.
2026-07-02 02:41:38 [info]: ☁️ Cloudinary configured successfully.
2026-07-02 02:41:39 [info]: 📄 Loaded ENV: C:\Users\hp\Documents\My  Projects\ifywigatechz-site\server\.env
2026-07-02 02:41:39 [info]: 🗄️ MongoDB URI: Configured
2026-07-02 02:41:41 [info]: MongoDB Connected: ac-y9ghqrb-shard-00-02.hnuyqsq.mongodb.net
2026-07-02 02:41:41 [info]: 🚀 Server running on port 5000
2026-07-02 02:41:41 [info]: 🌍 Mode: development
2026-07-02 02:41:50 [info]: ☁️ Cloudinary configured successfully.
2026-07-02 02:41:51 [info]: 📄 Loaded ENV: C:\Users\hp\Documents\My  Projects\ifywigatechz-site\server\.env
2026-07-02 02:41:51 [info]: 🗄️ MongoDB URI: Configured
2026-07-02 02:58:01 [info]: ☁️ Cloudinary configured successfully.
2026-07-02 02:58:02 [info]: 📄 Loaded ENV: C:\Users\hp\Documents\My  Projects\ifywigatechz-site\server\.env
2026-07-02 02:58:02 [info]: 🗄️ MongoDB URI: Configured
2026-07-02 02:58:04 [info]: MongoDB Connected: ac-y9ghqrb-shard-00-01.hnuyqsq.mongodb.net
2026-07-02 02:58:04 [info]: 🚀 Server running on port 5000
2026-07-02 02:58:04 [info]: 🌍 Mode: development
2026-07-02 03:21:49 [info]: 🛑 Received kill signal, shutting down gracefully...
2026-07-02 04:49:18 [info]: ☁️ Cloudinary configured successfully.
2026-07-02 04:49:19 [info]: 📄 Loaded ENV: C:\Users\hp\Documents\My  Projects\ifywigatechz-site\server\.env
2026-07-02 04:49:19 [info]: 🗄️ MongoDB URI: Configured
2026-07-02 04:49:20 [info]: 🚀 Server running on port 5000
2026-07-02 04:49:20 [info]: 🌍 Mode: production
2026-07-02 04:49:50 [error]: Error connecting to MongoDB: Could not connect to any servers in your MongoDB Atlas cluster. One common reason is that you're trying to access the database from an IP that isn't whitelisted. Make sure your current IP address is on your Atlas cluster's IP whitelist: https://www.mongodb.com/docs/atlas/security-whitelist/
2026-07-02 04:49:50 [error]: ❌ Failed to connect to DB after starting HTTP server: Could not connect to any servers in your MongoDB Atlas cluster. One common reason is that you're trying to access the database from an IP that isn't whitelisted. Make sure your current IP address is on your Atlas cluster's IP whitelist: https://www.mongodb.com/docs/atlas/security-whitelist/
2026-07-02 04:52:03 [info]: 🛑 Received kill signal, shutting down gracefully...
2026-07-02 04:52:03 [info]: ✅ HTTP server closed.
2026-07-02 04:52:03 [info]: ✅ MongoDB connection closed.
2026-07-02 04:52:22 [info]: ☁️ Cloudinary configured successfully.
2026-07-02 04:52:23 [info]: 📄 Loaded ENV: C:\Users\hp\Documents\My  Projects\ifywigatechz-site\server\.env
2026-07-02 04:52:23 [info]: 🗄️ MongoDB URI: Configured
2026-07-02 04:52:23 [info]: 🚀 Server running on port 5000
2026-07-02 04:52:23 [info]: 🌍 Mode: production
2026-07-02 04:52:50 [info]: 🛑 Received kill signal, shutting down gracefully...
2026-07-02 04:52:50 [info]: ✅ HTTP server closed.
2026-07-02 04:53:13 [info]: ☁️ Cloudinary configured successfully.
2026-07-02 04:53:14 [info]: 📄 Loaded ENV: C:\Users\hp\Documents\My  Projects\ifywigatechz-site\server\.env
2026-07-02 04:53:14 [info]: 🗄️ MongoDB URI: Configured
2026-07-02 04:53:14 [info]: 🚀 Server running on port 5000
2026-07-02 04:53:14 [info]: 🌍 Mode: production
2026-07-02 04:53:44 [error]: Error connecting to MongoDB: Could not connect to any servers in your MongoDB Atlas cluster. One common reason is that you're trying to access the database from an IP that isn't whitelisted. Make sure your current IP address is on your Atlas cluster's IP whitelist: https://www.mongodb.com/docs/atlas/security-whitelist/
2026-07-02 04:53:44 [error]: ❌ Failed to connect to DB after starting HTTP server: Could not connect to any servers in your MongoDB Atlas cluster. One common reason is that you're trying to access the database from an IP that isn't whitelisted. Make sure your current IP address is on your Atlas cluster's IP whitelist: https://www.mongodb.com/docs/atlas/security-whitelist/
2026-07-02 05:01:38 [info]: ::1 - - [02/Jul/2026:04:01:38 +0000] "GET /api/ready HTTP/1.1" 404 40 "-" "Mozilla/5.0 (Windows NT; Windows NT 10.0; en-US) WindowsPowerShell/5.1.19041.6456"
2026-07-02 07:05:50 [info]: ☁️ Cloudinary configured successfully.
2026-07-02 07:05:51 [info]: 📄 Loaded ENV: C:\Users\hp\Documents\My  Projects\ifywigatechz-site\server\.env
2026-07-02 07:05:51 [info]: 🗄️ MongoDB URI: Configured
2026-07-02 07:05:51 [info]: 🚀 Server running on port 5000
2026-07-02 07:05:51 [info]: 🌍 Mode: production
2026-07-02 07:05:51 [info]: 🆔 PID: 9200
2026-07-02 07:06:21 [error]: MongoDB connect attempt 1 failed: Could not connect to any servers in your MongoDB Atlas cluster. One common reason is that you're trying to access the database from an IP that isn't whitelisted. Make sure your current IP address is on your Atlas cluster's IP whitelist: https://www.mongodb.com/docs/atlas/security-whitelist/
2026-07-02 07:06:21 [info]: Retrying MongoDB connection in 2000ms (attempt 2/6)
2026-07-02 07:06:54 [error]: MongoDB connect attempt 2 failed: Could not connect to any servers in your MongoDB Atlas cluster. One common reason is that you're trying to access the database from an IP that isn't whitelisted. Make sure your current IP address is on your Atlas cluster's IP whitelist: https://www.mongodb.com/docs/atlas/security-whitelist/
2026-07-02 07:06:54 [info]: Retrying MongoDB connection in 4000ms (attempt 3/6)
2026-07-02 07:07:29 [error]: MongoDB connect attempt 3 failed: Could not connect to any servers in your MongoDB Atlas cluster. One common reason is that you're trying to access the database from an IP that isn't whitelisted. Make sure your current IP address is on your Atlas cluster's IP whitelist: https://www.mongodb.com/docs/atlas/security-whitelist/
2026-07-02 07:07:29 [info]: Retrying MongoDB connection in 8000ms (attempt 4/6)
2026-07-02 07:08:07 [error]: MongoDB connect attempt 4 failed: Could not connect to any servers in your MongoDB Atlas cluster. One common reason is that you're trying to access the database from an IP that isn't whitelisted. Make sure your current IP address is on your Atlas cluster's IP whitelist: https://www.mongodb.com/docs/atlas/security-whitelist/
2026-07-02 07:08:07 [info]: Retrying MongoDB connection in 16000ms (attempt 5/6)
2026-07-02 07:08:54 [error]: MongoDB connect attempt 5 failed: Could not connect to any servers in your MongoDB Atlas cluster. One common reason is that you're trying to access the database from an IP that isn't whitelisted. Make sure your current IP address is on your Atlas cluster's IP whitelist: https://www.mongodb.com/docs/atlas/security-whitelist/
2026-07-02 07:08:54 [info]: Retrying MongoDB connection in 30000ms (attempt 6/6)
2026-07-02 07:09:54 [info]: 🛑 Received kill signal, shutting down gracefully...
2026-07-02 07:09:54 [info]: ✅ HTTP server closed.
2026-07-02 07:09:55 [error]: MongoDB connect attempt 6 failed: Could not connect to any servers in your MongoDB Atlas cluster. One common reason is that you're trying to access the database from an IP that isn't whitelisted. Make sure your current IP address is on your Atlas cluster's IP whitelist: https://www.mongodb.com/docs/atlas/security-whitelist/
